Using pre-set license
Built from '2020.3/staging' branch; Version is '2020.3.26f1 (7298b473bc1a) revision 7510196'; Using compiler version '192528614'; Build Type 'Release'
OS: 'Windows 10  (10.0.19042) 64bit Core' Language: 'fr' Physical Memory: 16259 MB
BatchMode: 1, IsHumanControllingUs: 0, StartBugReporterOnCrash: 0, Is64bit: 1, IsPro: 0

COMMAND LINE ARGUMENTS:
C:\Users\jujul\OneDrive\Bureau\communication\2020.3.26f1\Editor\Unity.exe
-adb2
-batchMode
-noUpm
-name
AssetImportWorker0
-projectPath
D:/cours A2/unitydruide/Celtic/CelticDruid
-logFile
Logs/AssetImportWorker0.log
-srvPort
54679
Successfully changed project path to: D:/cours A2/unitydruide/Celtic/CelticDruid
D:/cours A2/unitydruide/Celtic/CelticDruid
Using Asset Import Pipeline V2.
Refreshing native plugins compatible for Editor in 43.01 ms, found 3 plugins.
Preloading 0 native plugins for Editor in 0.00 ms.
Initialize engine version: 2020.3.26f1 (7298b473bc1a)
[Subsystems] Discovering subsystems at path C:/Users/jujul/OneDrive/Bureau/communication/2020.3.26f1/Editor/Data/Resources/UnitySubsystems
[Subsystems] Discovering subsystems at path D:/cours A2/unitydruide/Celtic/CelticDruid/Assets
GfxDevice: creating device client; threaded=0
Direct3D:
    Version:  Direct3D 11.0 [level 11.1]
    Renderer: NVIDIA GeForce RTX 2060 (ID=0x1f11)
    Vendor:   
    VRAM:     5980 MB
    Driver:   30.0.14.9733
Initialize mono
Mono path[0] = 'C:/Users/jujul/OneDrive/Bureau/communication/2020.3.26f1/Editor/Data/Managed'
Mono path[1] = 'C:/Users/jujul/OneDrive/Bureau/communication/2020.3.26f1/Editor/Data/MonoBleedingEdge/lib/mono/unityjit'
Mono config path = 'C:/Users/jujul/OneDrive/Bureau/communication/2020.3.26f1/Editor/Data/MonoBleedingEdge/etc'
Using monoOptions --debugger-agent=transport=dt_socket,embedding=1,server=y,suspend=n,address=127.0.0.1:56468
Begin MonoManager ReloadAssembly
Registering precompiled unity dll's ...
Register platform support module: C:/Users/jujul/OneDrive/Bureau/communication/2020.3.26f1/Editor/Data/PlaybackEngines/WindowsStandaloneSupport/UnityEditor.WindowsStandalone.Extensions.dll
Registered in 0.002959 seconds.
Native extension for WindowsStandalone target not found
Refreshing native plugins compatible for Editor in 42.00 ms, found 3 plugins.
Preloading 0 native plugins for Editor in 0.00 ms.
Mono: successfully reloaded assembly
- Completed reload, in  0.619 seconds
Domain Reload Profiling:
	ReloadAssembly (619ms)
		BeginReloadAssembly (61ms)
			ExecutionOrderSort (0ms)
			DisableScriptedObjects (0ms)
			BackupInstance (0ms)
			ReleaseScriptingObjects (0ms)
			CreateAndSetChildDomain (1ms)
		EndReloadAssembly (473ms)
			LoadAssemblies (57ms)
			RebuildTransferFunctionScriptingTraits (0ms)
			SetupTypeCache (160ms)
			ReleaseScriptCaches (0ms)
			RebuildScriptCaches (35ms)
			SetupLoadedEditorAssemblies (176ms)
				LogAssemblyErrors (0ms)
				InitializePlatformSupportModulesInManaged (5ms)
				SetLoadedEditorAssemblies (0ms)
				RefreshPlugins (42ms)
				BeforeProcessingInitializeOnLoad (13ms)
				ProcessInitializeOnLoadAttributes (83ms)
				ProcessInitializeOnLoadMethodAttributes (34ms)
				AfterProcessingInitializeOnLoad (0ms)
				EditorAssembliesLoaded (0ms)
			ExecutionOrderSort2 (0ms)
			AwakeInstancesAfterBackupRestoration (0ms)
Platform modules already initialized, skipping
Registering precompiled user dll's ...
Registered in 0.007139 seconds.
Begin MonoManager ReloadAssembly
Native extension for WindowsStandalone target not found
Refreshing native plugins compatible for Editor in 47.72 ms, found 3 plugins.
Preloading 0 native plugins for Editor in 0.00 ms.
Mono: successfully reloaded assembly
- Completed reload, in  1.188 seconds
Domain Reload Profiling:
	ReloadAssembly (1189ms)
		BeginReloadAssembly (156ms)
			ExecutionOrderSort (0ms)
			DisableScriptedObjects (4ms)
			BackupInstance (0ms)
			ReleaseScriptingObjects (0ms)
			CreateAndSetChildDomain (18ms)
		EndReloadAssembly (960ms)
			LoadAssemblies (96ms)
			RebuildTransferFunctionScriptingTraits (0ms)
			SetupTypeCache (332ms)
			ReleaseScriptCaches (0ms)
			RebuildScriptCaches (46ms)
			SetupLoadedEditorAssemblies (369ms)
				LogAssemblyErrors (0ms)
				InitializePlatformSupportModulesInManaged (4ms)
				SetLoadedEditorAssemblies (0ms)
				RefreshPlugins (48ms)
				BeforeProcessingInitializeOnLoad (82ms)
				ProcessInitializeOnLoadAttributes (209ms)
				ProcessInitializeOnLoadMethodAttributes (16ms)
				AfterProcessingInitializeOnLoad (9ms)
				EditorAssembliesLoaded (0ms)
			ExecutionOrderSort2 (0ms)
			AwakeInstancesAfterBackupRestoration (6ms)
Platform modules already initialized, skipping
========================================================================
Worker process is ready to serve import requests
Launched and connected shader compiler UnityShaderCompiler.exe after 0.06 seconds
Refreshing native plugins compatible for Editor in 0.45 ms, found 3 plugins.
Preloading 0 native plugins for Editor in 0.00 ms.
Unloading 2205 Unused Serialized files (Serialized files now loaded: 0)
System memory in use before: 96.1 MB.
System memory in use after: 96.1 MB.

Unloading 28 unused Assets to reduce memory usage. Loaded Objects now: 2639.
Total: 3.943100 ms (FindLiveObjects: 0.176500 ms CreateObjectMapping: 0.085200 ms MarkObjects: 3.620500 ms  DeleteObjects: 0.059400 ms)

AssetImportParameters requested are different than current active one (requested -> active):
  custom:framework-win-MediaFoundation: 216162199b28c13a410421893ffa2e32 -> 
  custom:video-decoder-ogg-theora: a1e56fd34408186e4bbccfd4996cb3dc -> 
  custom:container-muxer-webm: aa71ff27fc2769a1b78a27578f13a17b -> 
  custom:container-demuxer-webm: 4f35f7cbe854078d1ac9338744f61a02 -> 
  custom:container-demuxer-ogg: 62fdf1f143b41e24485cea50d1cbac27 -> 
  custom:video-encoder-webm-vp8: eb34c28f22e8b96e1ab97ce403110664 -> 
  custom:video-codec-MediaFoundation-h265: 746d11721c4dcdbdad8f713fa42b33f4 -> 
  custom:video-decoder-webm-vp8: 9c59270c3fd7afecdb556c50c9e8de78 -> 
  custom:audio-decoder-ogg-vorbis: bf7c407c2cedff20999df2af8eb42d56 -> 
  custom:audio-encoder-webm-vorbis: bf7c407c2cedff20999df2af8eb42d56 -> 
========================================================================
Received Import Request.
  path: Assets/Scenes/perso 1/Perso 1.prefab
  artifactKey: Guid(9425fc79a3de63946b7d2f2d9d9e3707) Importer(815301076,1909f56bfc062723c751e8b465ee728b)
Start importing Assets/Scenes/perso 1/Perso 1.prefab using Guid(9425fc79a3de63946b7d2f2d9d9e3707) Importer(815301076,1909f56bfc062723c751e8b465ee728b)  -> (artifact id: 'a97925e8805e2b765097e2a12099550f') in 0.183853 seconds 
  Import took 0.189267 seconds .

========================================================================
Received Import Request.
  Time since last request: 225.573775 seconds.
  path: Assets/Prefab
  artifactKey: Guid(ad2b88defd581bd478956a8aebc71d84) Importer(815301076,1909f56bfc062723c751e8b465ee728b)
Start importing Assets/Prefab using Guid(ad2b88defd581bd478956a8aebc71d84) Importer(815301076,1909f56bfc062723c751e8b465ee728b)  -> (artifact id: 'bb0731d1b8d2e8e2ab779e2f8a8fc18f') in 2.926598 seconds 
  Import took 2.930650 seconds .

========================================================================
Received Import Request.
  Time since last request: 0.000282 seconds.
  path: Assets/Prefab/Esprit
  artifactKey: Guid(ed2997bb1b5facf409f524b5658cb422) Importer(815301076,1909f56bfc062723c751e8b465ee728b)
Start importing Assets/Prefab/Esprit using Guid(ed2997bb1b5facf409f524b5658cb422) Importer(815301076,1909f56bfc062723c751e8b465ee728b)  -> (artifact id: 'bf0357e5832ae7b4b75f5aa5570c54ba') in 0.101369 seconds 
  Import took 0.104412 seconds .

========================================================================
Received Import Request.
  Time since last request: 1.066292 seconds.
  path: Assets/Prefab/Esprit/Terre
  artifactKey: Guid(9be7ffdccf5257a49aee0cae6b0dafc6) Importer(815301076,1909f56bfc062723c751e8b465ee728b)
Start importing Assets/Prefab/Esprit/Terre using Guid(9be7ffdccf5257a49aee0cae6b0dafc6) Importer(815301076,1909f56bfc062723c751e8b465ee728b)  -> (artifact id: 'dc0e117b3294b2a5b74990f3ecf1579b') in 0.006483 seconds 
  Import took 0.010029 seconds .

========================================================================
Received Import Request.
  Time since last request: 14.784524 seconds.
  path: Assets/Prefab/Esprit/Terre/EspritTerrePasContent.controller
  artifactKey: Guid(9fc71e8eaf499b2448a5acba0edfca84) Importer(815301076,1909f56bfc062723c751e8b465ee728b)
Start importing Assets/Prefab/Esprit/Terre/EspritTerrePasContent.controller using Guid(9fc71e8eaf499b2448a5acba0edfca84) Importer(815301076,1909f56bfc062723c751e8b465ee728b)  -> (artifact id: 'f4fb0b7be492b752fdadd797f7797b38') in 0.023669 seconds 
  Import took 0.027134 seconds .

AssetImportWorkerClient::OnTransportError - code=2 error=End of file
